Drill Listing
=============
Drill: .01181  Tool: 1  Feed: 95  Speed: 300
X 174375  Y 194375
X 180000  Y 203125
X 171875  Y 225625
X 174375  Y 231875
X 258750  Y 304375
X 236875  Y 255000
X 190000  Y 231875
X 294375  Y 127500
X 311875  Y 135625
X 315000  Y 162500
X 273125  Y 279375
X 322500  Y 280625
X 347500  Y 181250
X 336875  Y 178125

Drill: .035  Tool: 2  Feed: 197  Speed: 550
X 115157  Y 147500
X 125000  Y 147500
X 134842  Y 147500
X 115157  Y 167500
X 125000  Y 167500
X 134842  Y 167500
X 115157  Y 187500
X 125000  Y 187500
X 134842  Y 187500
X 115157  Y 207500
X 125000  Y 207500
X 134842  Y 207500
X 115157  Y 227500
X 125000  Y 227500
X 134842  Y 227500
X 115157  Y 247500
X 125000  Y 247500
X 134842  Y 247500
X 115157  Y 267500
X 125000  Y 267500
X 134842  Y 267500
X 115157  Y 287500
X 125000  Y 287500
X 134842  Y 287500
X 155236  Y 284921
X 155236  Y 274921
X 155236  Y 264921
X 155236  Y 254921
X 155236  Y 244921
X 155236  Y 234921
X 155236  Y 224921
X 155236  Y 214921
X 155236  Y 204921
X 155236  Y 194921
X 155236  Y 184921
X 155236  Y 174921
X 170866  Y 139370
X 165236  Y 174921
X 165236  Y 184921
X 165236  Y 194921
X 165236  Y 204921
X 165236  Y 214921
X 165236  Y 224921
X 165236  Y 234921
X 165236  Y 244921
X 165236  Y 254921
X 165236  Y 264921
X 165236  Y 274921
X 165236  Y 284921
X 255236  Y 284921
X 255236  Y 274921
X 255236  Y 264921
X 255236  Y 254921
X 255236  Y 244921
X 255236  Y 234921
X 255236  Y 224921
X 255236  Y 214921
X 255236  Y 204921
X 255236  Y 194921
X 255236  Y 184921
X 255236  Y 174921
X 190866  Y 139370
X 222047  Y 139370
X 242047  Y 139370
X 285157  Y 145000
X 285157  Y 165000
X 265236  Y 174921
X 265236  Y 184921
X 285157  Y 185000
X 265236  Y 194921
X 265236  Y 204921
X 285157  Y 205000
X 265236  Y 214921
X 265236  Y 224921
X 285157  Y 225000
X 265236  Y 234921
X 265236  Y 244921
X 285157  Y 245000
X 265236  Y 254921
X 265236  Y 264921
X 285157  Y 265000
X 265236  Y 274921
X 265236  Y 284921
X 285157  Y 285000
X 285157  Y 317500
X 295000  Y 317500
X 304842  Y 317500
X 295000  Y 285000
X 304842  Y 285000
X 295000  Y 265000
X 304842  Y 265000
X 295000  Y 245000
X 304842  Y 245000
X 295000  Y 225000
X 304842  Y 225000
X 295000  Y 205000
X 304842  Y 205000
X 304842  Y 185000
X 295000  Y 185000
X 295000  Y 165000
X 304842  Y 165000
X 304842  Y 145000
X 295000  Y 145000
X 328282  Y 240625
X 338125  Y 240625
X 347967  Y 240625
X 328626  Y 264852
X 338469  Y 264852
X 348312  Y 264852
X 358154  Y 264852
X 328626  Y 288474
X 358154  Y 288474
X 338469  Y 288474
X 348312  Y 288474
X 354025  Y 311801
X 334025  Y 311801
X 344025  Y 311801
X 334025  Y 321801
X 344025  Y 321801
X 354025  Y 321801
X 380782  Y 240625
X 390625  Y 240625
X 400467  Y 240625

Drill: .09449  Tool: 3  Feed: 66  Speed: 550
X 328907  Y 212500
X 348592  Y 212500
X 382032  Y 211875
X 401717  Y 211875
X 348907  Y 125625
X 368592  Y 125625

Drill: .11811  Tool: 4  Feed: 69  Speed: 658
X 112500  Y 112500
X 111811  Y 324409
X 403149  Y 324409
X 402500  Y 112500

End of Listing
